
ROM used: 5224 (64%)
          5673 (69%) including unused fragments

          4 Average locations per line
          12 Average locations per statement

RAM used: 122 (45%) at main() level
          146 (54%) worst case

Stack used: 4 worst case (out of 6 total available)

Lines Stmts  %   Files
----- ----- ---  -----
  714   437  97  SW1.01.001.0094_SOFTWARE FOR RHINO D K4 500 PA79-557_B_REV 2.0.c
   19     0   0  curandref.h
  307     0   0  C:\Users\rr03\Desktop\PICC\devices\16F886.h
   74     0   0  controller.c
  156     0   0  variable.c
   44    12   3  interrupt.c
    4     0   0  display.c
----- -----
 1318   449 Total

Page ROM  %  RAM   Vol Diff  Functions:
---- --- --- ---   --- ----  ----------
0     20   0   1             @delay_ms2
0     44   1   0             @const176
0     44   1   0             @const178
0    424   8   0   282  3.7  timer1_isr
2    789  15   2  3021  8.4  MAIN
0     29   1   4             @DTOF
0    204   4  14             @DIVFF
0     33   1   5             @FTOSD
0    149   3   2   559  5.3  inttochar1
0     39   1   5             @DIV1616
0     83   2   2   237  3.2  inttochar
0     45   1   0   245  1.8  initialise
0     16   0   0    50  1.5  adc_init
 Inline        0  4609  5.0  display
1    590  11   4  1595  7.4  readadc
0     46   1  13             @MUL3232
0     70   1  13             @DIV3232
0     67   1  10             @FLT
0     33   1   2             @ITOF
0    119   2  13             @MULFF
0    103   2   2   813  4.8  readswitch
0    190   4   0  2345  3.9  dispmodel
1    326   6  16             @ADDFF
1    920  18  12  1046  6.7  SetCurrentCal_500
2    788  15  12   855  6.6  SetCurrentCal_300

Program metrics:
    Functions               12
    Statements              449
    Comments                417
    Volume (V)              22537
    Difficilty (D)          58.7
    Effort to implement (E) 1322677
    Time to implement (T)   20 hours, 25 minutes
    Est Delivered Bugs (B)  4
    Cyclomatic Complexity   62
    Maintainability (MI)    86

 Segment     Used  Free
-----------  ----  ----
00000-00003     4  0  
00004-00034    49  0  
00035-007FF  1758  237  
00800-00FFF  1836  212  
01000-017FF  1577  471  
01800-01FFF     0  2048  



THE FOLLOWING IS TEMPORARY FOR DIAGNOSTIC USE ONLY:

    n1    n2    N1    N2   v(G)
     0     1     0     0     0    @delay_ms2
     0     1     0     0     0    @const176
     0     1     0     0     0    @const178
     8    27    30    25     2    timer1_isr
    17   181   218   178    13    MAIN
     0     1     0     0     0    @DTOF
     0     1     0     0     0    @DIVFF
     0     1     0     0     0    @FTOSD
    11    48    49    46     1    inttochar1
     0     1     0     0     0    @DIV1616
     7    26    23    24     0    inttochar
     4    26    26    24     0    initialise
     4     8     8     6     0    adc_init
    10   267   303   265    11    display
    15   105   127   104     5    readadc
     0     1     0     0     0    @MUL3232
     0     1     0     0     0    @DIV3232
     0     1     0     0     0    @FLT
     0     1     0     0     0    @ITOF
     0     1     0     0     0    @MULFF
    10    55    82    53     9    readswitch
     8   150   173   148     8    dispmodel
     0     1     0     0     0    @ADDFF
    14    67   101    64     7    SetCurrentCal_500
    14    57    85    54     6    SetCurrentCal_300
